11/9/2019 16:26:40 Se conecto con ip:127.0.0.1
11/9/2019 16:26:45 Transportó a a hacia Mapa34 X:50 Y:50
11/9/2019 16:26:46 Transportó a a hacia Mapa34 X:46 Y:54
11/9/2019 16:26:46 Transportó a a hacia Mapa34 X:41 Y:58
11/9/2019 16:26:46 Transportó a a hacia Mapa34 X:36 Y:62
11/9/2019 16:26:46 Transportó a a hacia Mapa34 X:31 Y:66
11/9/2019 16:26:46 Transportó a a hacia Mapa34 X:26 Y:70
11/9/2019 16:26:47 Transportó a a hacia Mapa34 X:22 Y:74
11/9/2019 16:27:13 Transportó a a hacia Mapa34 X:28 Y:67
11/9/2019 16:27:13 Transportó a a hacia Mapa34 X:23 Y:65
11/9/2019 16:27:14 Transportó a a hacia Mapa34 X:19 Y:63
11/9/2019 16:27:16 Transportó a a hacia Mapa34 X:17 Y:62
11/9/2019 16:27:24 Transportó a a hacia Mapa34 X:22 Y:66
11/9/2019 16:27:24 Transportó a a hacia Mapa34 X:28 Y:69
11/9/2019 16:27:25 Transportó a a hacia Mapa34 X:33 Y:73
11/9/2019 16:29:23 Se conecto con ip:127.0.0.1
11/9/2019 16:29:27 Transportó a a hacia Mapa1 X:50 Y:50
11/9/2019 16:29:29 Transportó a a hacia Mapa1 X:53 Y:52
11/9/2019 16:33:37 Se conecto con ip:127.0.0.1
11/9/2019 16:46:45 Se conecto con ip:127.0.0.1
11/9/2019 16:46:47 Transportó a a hacia Mapa1 X:53 Y:51
11/9/2019 16:46:47 Transportó a a hacia Mapa1 X:52 Y:54
11/9/2019 16:46:47 Transportó a a hacia Mapa1 X:52 Y:58
11/9/2019 16:46:47 Transportó a a hacia Mapa1 X:52 Y:62
11/9/2019 16:46:47 Transportó a a hacia Mapa1 X:51 Y:65
11/9/2019 16:46:47 Transportó a a hacia Mapa1 X:50 Y:68
11/9/2019 16:47:07 Transportó a a hacia Mapa1 X:55 Y:74
11/9/2019 16:47:07 Transportó a a hacia Mapa1 X:54 Y:70
11/9/2019 16:47:07 Transportó a a hacia Mapa1 X:54 Y:66
11/9/2019 16:47:07 Transportó a a hacia Mapa1 X:54 Y:62
11/9/2019 16:47:07 Transportó a a hacia Mapa1 X:54 Y:58
11/9/2019 16:47:07 Transportó a a hacia Mapa1 X:54 Y:55
11/9/2019 16:47:08 Transportó a a hacia Mapa1 X:53 Y:53
11/9/2019 16:47:14 Transportó a a hacia Mapa34 X:50 Y:50
11/9/2019 16:47:15 Transportó a a hacia Mapa34 X:46 Y:54
11/9/2019 16:47:15 Transportó a a hacia Mapa34 X:41 Y:59
11/9/2019 16:47:15 Transportó a a hacia Mapa34 X:36 Y:65
11/9/2019 16:47:16 Transportó a a hacia Mapa34 X:31 Y:70
11/9/2019 16:47:16 Transportó a a hacia Mapa34 X:27 Y:75
11/9/2019 16:47:16 Transportó a a hacia Mapa34 X:23 Y:80
11/9/2019 16:47:16 Transportó a a hacia Mapa34 X:25 Y:75
11/9/2019 16:47:27 Sumoneo Murciélago
11/9/2019 18:05:37 Se conecto con ip:127.0.0.1
11/9/2019 18:05:39 /LLUVIA
11/9/2019 18:09:36 Se conecto con ip:127.0.0.1
11/9/2019 18:22:58 Se conecto con ip:127.0.0.1
11/9/2019 18:23:15 Se conecto con ip:127.0.0.1
11/9/2019 18:24:07 Se conecto con ip:127.0.0.1
11/9/2019 18:24:18 Se conecto con ip:127.0.0.1
11/9/2019 18:24:35 Se conecto con ip:127.0.0.1
11/9/2019 20:04:32 Se conecto con ip:127.0.0.1
11/9/2019 20:07:55 Se conecto con ip:127.0.0.1
11/9/2019 20:08:24 Transportó a a hacia Mapa1 X:52 Y:44
11/9/2019 20:08:24 Transportó a a hacia Mapa1 X:47 Y:40
11/9/2019 20:08:24 Transportó a a hacia Mapa1 X:48 Y:40
11/9/2019 20:08:24 Transportó a a hacia Mapa1 X:44 Y:35
11/9/2019 20:08:25 Transportó a a hacia Mapa1 X:40 Y:30
11/9/2019 20:08:25 Transportó a a hacia Mapa1 X:36 Y:25
11/9/2019 20:08:25 Transportó a a hacia Mapa1 X:31 Y:21
11/9/2019 20:08:25 Transportó a a hacia Mapa1 X:26 Y:17
11/9/2019 20:08:27 Utilizó un teleport hacia el mapa 5 (26,93)
11/9/2019 20:08:28 Transportó a a hacia Mapa5 X:26 Y:87
11/9/2019 20:08:28 Transportó a a hacia Mapa5 X:27 Y:82
11/9/2019 20:08:28 Transportó a a hacia Mapa5 X:29 Y:77
11/9/2019 20:08:28 Transportó a a hacia Mapa5 X:33 Y:72
11/9/2019 20:08:28 Transportó a a hacia Mapa5 X:38 Y:68
11/9/2019 20:08:28 Transportó a a hacia Mapa5 X:43 Y:65
11/9/2019 20:08:29 Transportó a a hacia Mapa5 X:47 Y:66
11/9/2019 20:08:29 Transportó a a hacia Mapa5 X:49 Y:68
11/9/2019 20:08:29 Transportó a a hacia Mapa5 X:48 Y:71
11/9/2019 20:08:29 Transportó a a hacia Mapa5 X:44 Y:75
11/9/2019 20:08:29 Transportó a a hacia Mapa5 X:39 Y:79
11/9/2019 20:08:29 Transportó a a hacia Mapa5 X:34 Y:82
11/9/2019 20:08:33 Utilizó un teleport hacia el mapa 1 (33,8)
11/9/2019 20:08:34 Utilizó un teleport hacia el mapa 5 (31,93)
11/9/2019 20:08:34 Utilizó un teleport hacia el mapa 1 (31,8)
11/9/2019 20:08:35 Utilizó un teleport hacia el mapa 5 (31,93)
11/9/2019 20:08:35 Utilizó un teleport hacia el mapa 1 (31,8)
11/9/2019 20:08:35 Utilizó un teleport hacia el mapa 5 (31,93)
11/9/2019 20:08:35 Utilizó un teleport hacia el mapa 1 (31,8)
11/9/2019 20:08:35 Utilizó un teleport hacia el mapa 5 (31,93)
11/9/2019 20:08:36 Utilizó un teleport hacia el mapa 1 (31,8)
11/9/2019 20:08:36 Utilizó un teleport hacia el mapa 5 (31,93)
11/9/2019 20:08:36 Utilizó un teleport hacia el mapa 1 (31,8)
11/9/2019 20:08:36 Utilizó un teleport hacia el mapa 5 (31,93)
11/9/2019 20:11:10 Se conecto con ip:127.0.0.1
11/9/2019 20:11:12 Utilizó un teleport hacia el mapa 1 (31,8)
11/9/2019 20:11:12 Utilizó un teleport hacia el mapa 5 (31,93)
11/9/2019 20:11:12 Utilizó un teleport hacia el mapa 1 (31,8)
11/9/2019 20:11:13 Utilizó un teleport hacia el mapa 5 (31,93)
11/9/2019 20:11:13 Utilizó un teleport hacia el mapa 1 (31,8)
11/9/2019 20:11:13 Utilizó un teleport hacia el mapa 5 (29,93)
11/9/2019 20:11:14 Utilizó un teleport hacia el mapa 1 (29,8)
11/9/2019 20:11:15 Utilizó un teleport hacia el mapa 5 (29,93)
11/9/2019 20:11:15 Utilizó un teleport hacia el mapa 1 (29,8)
11/9/2019 20:11:15 Utilizó un teleport hacia el mapa 5 (30,93)
11/9/2019 20:11:15 Utilizó un teleport hacia el mapa 1 (30,8)
11/9/2019 20:11:16 Utilizó un teleport hacia el mapa 5 (30,93)
11/9/2019 20:11:16 Utilizó un teleport hacia el mapa 1 (29,8)
11/9/2019 20:11:17 Utilizó un teleport hacia el mapa 5 (29,93)
11/9/2019 20:11:17 Utilizó un teleport hacia el mapa 1 (29,8)
11/9/2019 20:11:17 Utilizó un teleport hacia el mapa 5 (29,93)
11/9/2019 20:11:17 Utilizó un teleport hacia el mapa 1 (29,8)
11/9/2019 20:11:17 Utilizó un teleport hacia el mapa 5 (29,93)
11/9/2019 20:11:18 Utilizó un teleport hacia el mapa 1 (29,8)
11/9/2019 20:11:18 Utilizó un teleport hacia el mapa 5 (29,93)
11/9/2019 20:11:18 Utilizó un teleport hacia el mapa 1 (29,8)
11/9/2019 20:11:18 Utilizó un teleport hacia el mapa 5 (29,93)
11/9/2019 20:11:19 Utilizó un teleport hacia el mapa 1 (29,8)
11/9/2019 20:11:19 Utilizó un teleport hacia el mapa 5 (29,93)
11/9/2019 20:11:19 Utilizó un teleport hacia el mapa 1 (29,8)
11/9/2019 20:11:19 Utilizó un teleport hacia el mapa 5 (29,93)
11/9/2019 20:11:19 Utilizó un teleport hacia el mapa 1 (29,8)
11/9/2019 20:11:20 Utilizó un teleport hacia el mapa 5 (29,93)
11/9/2019 20:11:20 Utilizó un teleport hacia el mapa 1 (29,8)
11/9/2019 20:11:21 Utilizó un teleport hacia el mapa 5 (29,93)
11/9/2019 20:11:21 Utilizó un teleport hacia el mapa 1 (29,8)
11/9/2019 20:11:21 Utilizó un teleport hacia el mapa 5 (29,93)
11/9/2019 20:11:21 Utilizó un teleport hacia el mapa 1 (29,8)
11/9/2019 20:11:21 Utilizó un teleport hacia el mapa 5 (29,93)
11/9/2019 20:11:22 Utilizó un teleport hacia el mapa 1 (29,8)
11/9/2019 20:11:22 Utilizó un teleport hacia el mapa 5 (29,93)
11/9/2019 20:11:22 Utilizó un teleport hacia el mapa 1 (29,8)
11/9/2019 20:11:22 Utilizó un teleport hacia el mapa 5 (29,93)
11/9/2019 20:11:23 Utilizó un teleport hacia el mapa 1 (29,8)
11/9/2019 20:11:26 /INVISIBLE
11/9/2019 20:11:26 Utilizó un teleport hacia el mapa 5 (29,93)
11/9/2019 20:11:27 Utilizó un teleport hacia el mapa 1 (29,8)
11/9/2019 20:11:28 Utilizó un teleport hacia el mapa 5 (29,93)
11/9/2019 20:11:28 Utilizó un teleport hacia el mapa 1 (29,8)
11/9/2019 20:11:28 Utilizó un teleport hacia el mapa 5 (29,93)
11/9/2019 20:11:29 Utilizó un teleport hacia el mapa 1 (29,8)
11/9/2019 20:11:29 Utilizó un teleport hacia el mapa 5 (29,93)
11/9/2019 20:11:29 Utilizó un teleport hacia el mapa 1 (29,8)
11/9/2019 20:11:30 Utilizó un teleport hacia el mapa 5 (29,93)
11/9/2019 20:11:30 Utilizó un teleport hacia el mapa 1 (29,8)
11/9/2019 20:11:31 Utilizó un teleport hacia el mapa 5 (31,93)
11/9/2019 20:11:31 Utilizó un teleport hacia el mapa 1 (32,8)
11/9/2019 20:11:32 Utilizó un teleport hacia el mapa 5 (36,93)
11/9/2019 20:11:33 Utilizó un teleport hacia el mapa 1 (38,8)
11/9/2019 20:11:34 Utilizó un teleport hacia el mapa 5 (40,93)
11/9/2019 20:11:34 Utilizó un teleport hacia el mapa 1 (41,8)
11/9/2019 20:11:35 Utilizó un teleport hacia el mapa 5 (41,93)
11/9/2019 20:11:37 Utilizó un teleport hacia el mapa 1 (41,8)
11/9/2019 20:11:39 Transportó a a hacia Mapa1 X:52 Y:12
11/9/2019 20:11:39 Transportó a a hacia Mapa1 X:59 Y:13
11/9/2019 20:11:39 Transportó a a hacia Mapa1 X:66 Y:15
11/9/2019 20:11:40 Transportó a a hacia Mapa1 X:72 Y:17
11/9/2019 20:11:40 Transportó a a hacia Mapa1 X:76 Y:20
11/9/2019 20:11:40 Transportó a a hacia Mapa1 X:82 Y:21
11/9/2019 20:11:40 Transportó a a hacia Mapa1 X:89 Y:22
11/9/2019 20:11:41 Utilizó un teleport hacia el mapa 11 (10,22)
11/9/2019 20:11:42 Utilizó un teleport hacia el mapa 1 (91,22)
11/9/2019 20:11:42 Utilizó un teleport hacia el mapa 11 (10,22)
11/9/2019 20:11:42 Utilizó un teleport hacia el mapa 1 (91,22)
11/9/2019 20:11:42 Utilizó un teleport hacia el mapa 11 (10,22)
11/9/2019 20:11:43 Utilizó un teleport hacia el mapa 1 (91,22)
11/9/2019 20:11:43 Utilizó un teleport hacia el mapa 11 (10,22)
11/9/2019 20:11:43 Utilizó un teleport hacia el mapa 1 (91,22)
11/9/2019 20:11:44 Utilizó un teleport hacia el mapa 11 (10,22)
11/9/2019 20:11:44 Utilizó un teleport hacia el mapa 1 (91,22)
11/9/2019 20:11:44 Utilizó un teleport hacia el mapa 11 (10,22)
11/9/2019 20:11:45 Utilizó un teleport hacia el mapa 1 (91,22)
11/9/2019 20:11:45 Utilizó un teleport hacia el mapa 11 (10,22)
11/9/2019 20:11:45 Utilizó un teleport hacia el mapa 1 (91,22)
11/9/2019 20:11:46 Utilizó un teleport hacia el mapa 11 (10,22)
11/9/2019 20:11:46 Utilizó un teleport hacia el mapa 1 (91,23)
11/9/2019 20:11:47 Transportó a a hacia Mapa1 X:91 Y:28
11/9/2019 20:11:47 Transportó a a hacia Mapa1 X:90 Y:33
11/9/2019 20:11:47 Transportó a a hacia Mapa1 X:90 Y:38
11/9/2019 20:11:47 Transportó a a hacia Mapa1 X:91 Y:43
11/9/2019 20:11:47 Transportó a a hacia Mapa1 X:91 Y:48
11/9/2019 20:11:47 Transportó a a hacia Mapa1 X:91 Y:52
11/9/2019 20:11:48 Transportó a a hacia Mapa1 X:90 Y:56
11/9/2019 20:11:48 Transportó a a hacia Mapa1 X:90 Y:60
11/9/2019 20:11:48 Transportó a a hacia Mapa1 X:90 Y:64
11/9/2019 20:11:48 Transportó a a hacia Mapa1 X:89 Y:68
11/9/2019 20:11:48 Transportó a a hacia Mapa1 X:89 Y:72
11/9/2019 20:11:48 Transportó a a hacia Mapa1 X:89 Y:76
11/9/2019 20:11:49 Transportó a a hacia Mapa1 X:89 Y:80
11/9/2019 20:11:49 Transportó a a hacia Mapa1 X:88 Y:84
11/9/2019 20:11:49 Transportó a a hacia Mapa1 X:87 Y:88
11/9/2019 20:11:49 Transportó a a hacia Mapa1 X:86 Y:92
11/9/2019 20:11:50 Utilizó un teleport hacia el mapa 2 (86,8)
11/9/2019 20:11:50 Utilizó un teleport hacia el mapa 1 (86,93)
11/9/2019 20:11:52 Utilizó un teleport hacia el mapa 11 (10,93)
11/9/2019 20:11:53 Utilizó un teleport hacia el mapa 1 (91,93)
11/9/2019 20:11:53 Utilizó un teleport hacia el mapa 2 (91,8)
11/9/2019 20:11:54 Utilizó un teleport hacia el mapa 1 (91,93)
11/9/2019 20:11:54 Utilizó un teleport hacia el mapa 2 (91,8)
11/9/2019 20:11:55 Utilizó un teleport hacia el mapa 1 (91,93)
11/9/2019 20:11:55 Utilizó un teleport hacia el mapa 2 (91,8)
11/9/2019 20:11:55 Utilizó un teleport hacia el mapa 1 (91,93)
11/9/2019 20:11:55 Utilizó un teleport hacia el mapa 2 (91,8)
11/9/2019 20:11:56 Utilizó un teleport hacia el mapa 14 (10,8)
11/9/2019 20:11:56 Utilizó un teleport hacia el mapa 11 (10,93)
11/9/2019 20:11:57 Utilizó un teleport hacia el mapa 14 (10,8)
11/9/2019 20:11:57 Utilizó un teleport hacia el mapa 11 (10,93)
11/9/2019 20:11:57 Utilizó un teleport hacia el mapa 14 (10,8)
11/9/2019 20:11:58 Utilizó un teleport hacia el mapa 2 (91,8)
11/9/2019 20:11:58 Utilizó un teleport hacia el mapa 1 (91,93)
11/9/2019 20:11:58 Utilizó un teleport hacia el mapa 2 (91,8)
11/9/2019 20:11:59 Utilizó un teleport hacia el mapa 1 (91,93)
11/9/2019 20:12:01 Utilizó un teleport hacia el mapa 2 (91,8)
11/9/2019 20:12:03 Utilizó un teleport hacia el mapa 1 (91,93)
11/9/2019 20:12:04 Utilizó un teleport hacia el mapa 2 (91,8)
11/9/2019 20:12:04 Utilizó un teleport hacia el mapa 1 (91,93)
11/9/2019 20:12:05 Utilizó un teleport hacia el mapa 2 (91,8)
11/9/2019 20:12:06 Utilizó un teleport hacia el mapa 1 (91,93)
11/9/2019 20:12:08 Utilizó un teleport hacia el mapa 2 (91,8)
11/9/2019 20:12:09 Utilizó un teleport hacia el mapa 1 (91,93)
11/9/2019 20:12:11 Utilizó un teleport hacia el mapa 2 (91,8)
11/9/2019 20:12:11 Utilizó un teleport hacia el mapa 1 (91,93)
11/9/2019 20:12:12 Utilizó un teleport hacia el mapa 2 (91,8)
11/9/2019 20:12:12 Utilizó un teleport hacia el mapa 1 (91,93)
11/9/2019 20:12:12 Utilizó un teleport hacia el mapa 2 (91,8)
11/9/2019 20:12:13 Utilizó un teleport hacia el mapa 1 (91,93)
11/9/2019 20:12:14 Transportó a a hacia Mapa1 X:85 Y:87
11/9/2019 20:12:14 Transportó a a hacia Mapa1 X:79 Y:82
11/9/2019 20:12:14 Transportó a a hacia Mapa1 X:73 Y:77
11/9/2019 20:12:14 Transportó a a hacia Mapa1 X:69 Y:72
11/9/2019 20:12:14 Transportó a a hacia Mapa1 X:65 Y:68
11/9/2019 20:12:14 Transportó a a hacia Mapa1 X:61 Y:64
11/9/2019 20:12:15 Transportó a a hacia Mapa1 X:57 Y:60
11/9/2019 20:12:15 Transportó a a hacia Mapa1 X:54 Y:56
11/9/2019 20:12:15 Transportó a a hacia Mapa1 X:52 Y:52
11/9/2019 20:12:15 Transportó a a hacia Mapa1 X:50 Y:48
11/9/2019 20:12:16 Transportó a a hacia Mapa1 X:53 Y:49
11/9/2019 20:12:20 /INVISIBLE
11/9/2019 20:12:25 Transportó a a hacia Mapa1 X:61 Y:47
11/9/2019 20:12:25 Transportó a a hacia Mapa1 X:66 Y:43
11/9/2019 20:12:25 Transportó a a hacia Mapa1 X:70 Y:40
11/9/2019 20:12:26 Transportó a a hacia Mapa1 X:66 Y:39
11/9/2019 20:12:29 Transportó a a hacia Mapa1 X:64 Y:35
11/9/2019 20:12:29 Transportó a a hacia Mapa1 X:61 Y:38
11/9/2019 20:12:30 Transportó a a hacia Mapa1 X:60 Y:42
11/9/2019 20:12:30 Transportó a a hacia Mapa1 X:59 Y:46
11/9/2019 20:12:30 Transportó a a hacia Mapa1 X:58 Y:49
11/9/2019 20:27:44 Se conecto con ip:127.0.0.1
11/9/2019 20:31:00 Se conecto con ip:127.0.0.1
11/9/2019 20:31:28 Se conecto con ip:127.0.0.1
11/9/2019 20:31:41 Se conecto con ip:127.0.0.1
11/9/2019 20:37:47 Se conecto con ip:127.0.0.1
11/9/2019 20:38:56 Se conecto con ip:127.0.0.1
11/9/2019 20:39:06 Se conecto con ip:127.0.0.1
11/9/2019 20:39:24 Se conecto con ip:127.0.0.1
11/9/2019 20:39:45 Se conecto con ip:127.0.0.1
11/9/2019 20:40:52 Se conecto con ip:127.0.0.1
11/9/2019 20:41:33 Se conecto con ip:127.0.0.1
11/9/2019 20:45:10 Se conecto con ip:127.0.0.1
11/9/2019 20:46:26 Se conecto con ip:127.0.0.1
11/9/2019 20:47:16 Se conecto con ip:127.0.0.1
11/9/2019 20:47:23 Se conecto con ip:127.0.0.1
11/9/2019 20:48:27 Se conecto con ip:127.0.0.1
11/9/2019 20:48:51 Se conecto con ip:127.0.0.1
11/9/2019 20:49:18 Se conecto con ip:127.0.0.1
11/9/2019 20:49:20 Transportó a a hacia Mapa1 X:56 Y:45
11/9/2019 20:49:20 Transportó a a hacia Mapa1 X:58 Y:42
11/9/2019 20:49:20 Transportó a a hacia Mapa1 X:60 Y:39
11/9/2019 20:50:08 Se conecto con ip:127.0.0.1
11/9/2019 20:50:29 Se conecto con ip:127.0.0.1
11/9/2019 20:50:42 Se conecto con ip:127.0.0.1
11/9/2019 20:52:59 Se conecto con ip:127.0.0.1
11/9/2019 20:53:02 /LLUVIA
11/9/2019 20:57:12 Se conecto con ip:127.0.0.1
11/9/2019 20:59:09 Se conecto con ip:127.0.0.1
11/9/2019 21:01:54 Se conecto con ip:127.0.0.1
11/9/2019 21:04:58 Se conecto con ip:127.0.0.1
11/9/2019 21:07:12 Se conecto con ip:127.0.0.1
11/9/2019 21:07:45 Se conecto con ip:127.0.0.1
11/9/2019 21:08:42 Se conecto con ip:127.0.0.1
11/9/2019 21:25:53 Se conecto con ip:127.0.0.1
11/9/2019 21:26:10 Se conecto con ip:127.0.0.1
11/9/2019 21:26:54 Se conecto con ip:127.0.0.1
11/9/2019 21:27:45 Se conecto con ip:127.0.0.1
11/9/2019 21:28:11 Se conecto con ip:127.0.0.1
11/9/2019 21:29:57 Se conecto con ip:127.0.0.1
11/9/2019 21:30:40 Se conecto con ip:127.0.0.1
11/9/2019 21:30:54 Se conecto con ip:127.0.0.1
11/9/2019 21:31:48 Se conecto con ip:127.0.0.1
11/9/2019 21:32:12 Se conecto con ip:127.0.0.1
11/9/2019 21:46:07 Se conecto con ip:127.0.0.1
11/9/2019 21:47:42 Se conecto con ip:127.0.0.1
11/9/2019 21:47:50 Transportó a a hacia Mapa1 X:61 Y:39
11/9/2019 21:47:57 Transportó a a hacia Mapa1 X:59 Y:43
11/9/2019 21:47:59 Transportó a a hacia Mapa1 X:66 Y:40
11/9/2019 21:48:01 Transportó a a hacia Mapa1 X:70 Y:36
11/9/2019 21:48:02 Transportó a a hacia Mapa1 X:65 Y:39
11/9/2019 21:48:03 Transportó a a hacia Mapa1 X:59 Y:42
11/9/2019 21:48:04 Transportó a a hacia Mapa1 X:64 Y:38
11/9/2019 21:48:05 Transportó a a hacia Mapa1 X:59 Y:42
11/9/2019 21:48:05 Transportó a a hacia Mapa1 X:65 Y:38
11/9/2019 21:48:06 Transportó a a hacia Mapa1 X:70 Y:34
11/9/2019 21:48:06 Transportó a a hacia Mapa1 X:74 Y:30
11/9/2019 21:48:07 Transportó a a hacia Mapa1 X:78 Y:26
11/9/2019 21:48:07 Transportó a a hacia Mapa1 X:82 Y:22
11/9/2019 21:48:07 Transportó a a hacia Mapa1 X:86 Y:18
11/9/2019 21:48:08 Transportó a a hacia Mapa1 X:90 Y:14
11/9/2019 21:48:10 Transportó a a hacia Mapa1 X:84 Y:17
11/9/2019 21:48:10 Transportó a a hacia Mapa1 X:88 Y:13
11/9/2019 21:48:12 Transportó a a hacia Mapa1 X:83 Y:17
11/9/2019 21:48:12 Transportó a a hacia Mapa1 X:78 Y:21
11/9/2019 21:48:12 Transportó a a hacia Mapa1 X:73 Y:25
11/9/2019 21:48:12 Transportó a a hacia Mapa1 X:68 Y:29
11/9/2019 21:48:12 Transportó a a hacia Mapa1 X:62 Y:33
11/9/2019 21:48:12 Transportó a a hacia Mapa1 X:56 Y:37
11/9/2019 21:48:13 Transportó a a hacia Mapa1 X:50 Y:41
11/9/2019 21:48:13 Transportó a a hacia Mapa1 X:44 Y:44
11/9/2019 21:48:13 Transportó a a hacia Mapa1 X:37 Y:48
11/9/2019 21:48:13 Transportó a a hacia Mapa1 X:30 Y:52
11/9/2019 21:48:14 Transportó a a hacia Mapa1 X:23 Y:56
11/9/2019 21:48:14 Transportó a a hacia Mapa1 X:27 Y:53
11/9/2019 21:48:15 Transportó a a hacia Mapa1 X:32 Y:49
11/9/2019 21:48:15 Transportó a a hacia Mapa1 X:38 Y:44
11/9/2019 21:48:15 Transportó a a hacia Mapa1 X:44 Y:39
11/9/2019 21:48:15 Transportó a a hacia Mapa1 X:50 Y:34
11/9/2019 21:48:15 Transportó a a hacia Mapa1 X:56 Y:29
11/9/2019 21:48:16 Transportó a a hacia Mapa1 X:62 Y:24
11/9/2019 21:48:16 Transportó a a hacia Mapa1 X:68 Y:20
11/9/2019 21:51:37 Se conecto con ip:127.0.0.1
11/9/2019 21:52:36 Se conecto con ip:127.0.0.1
11/9/2019 21:54:24 Se conecto con ip:127.0.0.1
11/9/2019 21:58:07 Se conecto con ip:127.0.0.1
11/9/2019 21:58:36 Se conecto con ip:127.0.0.1
11/9/2019 21:59:01 Se conecto con ip:127.0.0.1
11/9/2019 22:00:19 Se conecto con ip:127.0.0.1
11/9/2019 22:06:00 Se conecto con ip:127.0.0.1
11/9/2019 22:09:14 Se conecto con ip:127.0.0.1
11/9/2019 22:09:26 Se conecto con ip:127.0.0.1
11/9/2019 22:12:08 Se conecto con ip:127.0.0.1
11/9/2019 22:15:15 Se conecto con ip:127.0.0.1
11/9/2019 22:15:19 Transportó a a hacia Mapa2 X:50 Y:50
11/9/2019 22:15:21 Transportó a a hacia Mapa1 X:50 Y:50
11/9/2019 22:15:55 Se conecto con ip:127.0.0.1
11/9/2019 22:16:04 Se conecto con ip:127.0.0.1
11/9/2019 22:24:36 Se conecto con ip:127.0.0.1
11/9/2019 22:27:35 Se conecto con ip:127.0.0.1
11/9/2019 22:28:07 Se conecto con ip:127.0.0.1
11/9/2019 22:30:41 Se conecto con ip:127.0.0.1
11/9/2019 22:30:52 Se conecto con ip:127.0.0.1
11/9/2019 22:32:09 Se conecto con ip:127.0.0.1
11/9/2019 22:32:19 Se conecto con ip:127.0.0.1
11/9/2019 22:32:37 Se conecto con ip:127.0.0.1
11/9/2019 22:38:05 Se conecto con ip:127.0.0.1
11/9/2019 22:40:12 Se conecto con ip:127.0.0.1
11/9/2019 22:42:25 Se conecto con ip:127.0.0.1
12/9/2019 21:05:43 Se conecto con ip:127.0.0.1
12/9/2019 21:05:52 Transportó a a hacia Mapa1 X:50 Y:50
12/9/2019 21:07:20 Se conecto con ip:127.0.0.1
12/9/2019 21:08:47 Se conecto con ip:127.0.0.1
12/9/2019 21:09:12 Transportó a a hacia Mapa1 X:50 Y:50
12/9/2019 21:10:07 Se conecto con ip:127.0.0.1
12/9/2019 21:10:25 Se conecto con ip:127.0.0.1
12/9/2019 21:12:19 Se conecto con ip:127.0.0.1
12/9/2019 21:12:34 Transportó a a hacia Mapa1 X:50 Y:50
12/9/2019 21:12:46 Se conecto con ip:127.0.0.1
12/9/2019 21:13:32 Se conecto con ip:127.0.0.1
12/9/2019 21:13:40 Se conecto con ip:127.0.0.1
12/9/2019 21:14:18 Se conecto con ip:127.0.0.1
12/9/2019 21:14:49 Se conecto con ip:127.0.0.1
12/9/2019 21:17:55 Se conecto con ip:127.0.0.1
12/9/2019 21:18:21 Se conecto con ip:127.0.0.1
12/9/2019 21:19:15 Se conecto con ip:127.0.0.1
12/9/2019 21:20:10 Se conecto con ip:127.0.0.1
12/9/2019 21:20:45 Se conecto con ip:127.0.0.1
12/9/2019 21:22:18 Se conecto con ip:127.0.0.1
12/9/2019 21:22:58 Se conecto con ip:127.0.0.1
12/9/2019 21:25:15 Se conecto con ip:127.0.0.1
12/9/2019 21:25:51 Se conecto con ip:127.0.0.1
12/9/2019 21:27:00 Se conecto con ip:127.0.0.1
12/9/2019 21:28:43 Se conecto con ip:127.0.0.1
12/9/2019 21:28:47 /LLUVIA
12/9/2019 21:28:57 Transportó a a hacia Mapa1 X:62 Y:42
12/9/2019 21:28:58 Transportó a a hacia Mapa1 X:66 Y:38
12/9/2019 21:28:58 Transportó a a hacia Mapa1 X:70 Y:34
12/9/2019 21:28:58 Transportó a a hacia Mapa1 X:73 Y:30
12/9/2019 21:28:59 Transportó a a hacia Mapa1 X:80 Y:27
12/9/2019 21:28:59 Utilizó un teleport hacia el mapa 286 (50,65)
12/9/2019 21:29:01 Transportó a a hacia Mapa286 X:43 Y:59
12/9/2019 21:29:01 Transportó a a hacia Mapa286 X:40 Y:54
12/9/2019 21:29:01 Utilizó un teleport hacia el mapa 151 (40,50)
12/9/2019 21:29:01 Transportó a a hacia Mapa286 X:39 Y:50
12/9/2019 21:29:02 Transportó a a hacia Mapa151 X:42 Y:47
12/9/2019 21:29:02 Transportó a a hacia Mapa151 X:46 Y:44
12/9/2019 21:29:02 Transportó a a hacia Mapa151 X:49 Y:45
12/9/2019 21:29:03 Transportó a a hacia Mapa151 X:50 Y:50
12/9/2019 21:29:03 Transportó a a hacia Mapa151 X:49 Y:56
12/9/2019 21:29:03 Transportó a a hacia Mapa151 X:46 Y:61
12/9/2019 21:29:03 Transportó a a hacia Mapa151 X:42 Y:65
12/9/2019 21:29:03 Transportó a a hacia Mapa151 X:38 Y:69
12/9/2019 21:29:03 Transportó a a hacia Mapa151 X:36 Y:73
12/9/2019 21:29:03 Transportó a a hacia Mapa151 X:37 Y:77
12/9/2019 21:29:04 Transportó a a hacia Mapa151 X:42 Y:79
12/9/2019 21:29:04 Transportó a a hacia Mapa151 X:47 Y:82
12/9/2019 21:29:04 Transportó a a hacia Mapa151 X:46 Y:80
12/9/2019 21:29:04 Transportó a a hacia Mapa151 X:47 Y:76
12/9/2019 21:29:04 Transportó a a hacia Mapa151 X:48 Y:71
12/9/2019 21:29:05 Transportó a a hacia Mapa151 X:49 Y:66
12/9/2019 21:29:05 Transportó a a hacia Mapa151 X:49 Y:61
12/9/2019 21:29:05 Transportó a a hacia Mapa151 X:47 Y:56
12/9/2019 21:29:05 Transportó a a hacia Mapa151 X:44 Y:51
12/9/2019 21:29:05 Transportó a a hacia Mapa151 X:40 Y:46
12/9/2019 21:29:05 Transportó a a hacia Mapa151 X:35 Y:42
12/9/2019 21:29:05 Transportó a a hacia Mapa151 X:32 Y:38
12/9/2019 21:29:06 Transportó a a hacia Mapa151 X:34 Y:35
12/9/2019 21:29:06 Transportó a a hacia Mapa151 X:41 Y:36
12/9/2019 21:29:06 Transportó a a hacia Mapa151 X:47 Y:37
12/9/2019 21:29:06 Transportó a a hacia Mapa151 X:52 Y:38
12/9/2019 21:29:06 Transportó a a hacia Mapa151 X:55 Y:39
12/9/2019 21:29:08 Transportó a a hacia Mapa1 X:50 Y:50
12/9/2019 21:29:09 Transportó a a hacia Mapa1 X:57 Y:44
12/9/2019 21:29:09 Transportó a a hacia Mapa1 X:65 Y:40
12/9/2019 21:29:10 Transportó a a hacia Mapa1 X:72 Y:36
12/9/2019 21:29:10 Transportó a a hacia Mapa1 X:78 Y:33
12/9/2019 21:29:10 Transportó a a hacia Mapa1 X:84 Y:30
12/9/2019 21:29:10 Utilizó un teleport hacia el mapa 286 (50,65)
12/9/2019 21:29:10 Transportó a a hacia Mapa1 X:82 Y:27
12/9/2019 21:29:11 Transportó a a hacia Mapa286 X:46 Y:61
12/9/2019 21:29:11 Transportó a a hacia Mapa286 X:42 Y:57
12/9/2019 21:29:11 Transportó a a hacia Mapa286 X:39 Y:53
12/9/2019 21:29:12 Transportó a a hacia Mapa286 X:38 Y:50
12/9/2019 21:29:12 Transportó a a hacia Mapa286 X:38 Y:46
12/9/2019 21:29:12 Transportó a a hacia Mapa286 X:38 Y:42
12/9/2019 21:29:13 Utilizó un teleport hacia el mapa 1 (25,25)
12/9/2019 21:29:13 Transportó a a hacia Mapa286 X:39 Y:41
12/9/2019 21:29:14 Transportó a a hacia Mapa1 X:28 Y:27
12/9/2019 21:29:14 Transportó a a hacia Mapa1 X:33 Y:30
12/9/2019 21:29:14 Transportó a a hacia Mapa1 X:38 Y:31
12/9/2019 21:29:14 Transportó a a hacia Mapa1 X:44 Y:31
12/9/2019 21:29:14 Transportó a a hacia Mapa1 X:50 Y:31
12/9/2019 21:29:14 Transportó a a hacia Mapa1 X:56 Y:30
12/9/2019 21:29:15 Transportó a a hacia Mapa1 X:63 Y:29
12/9/2019 21:29:15 Transportó a a hacia Mapa1 X:69 Y:28
12/9/2019 21:29:15 Transportó a a hacia Mapa1 X:75 Y:27
12/9/2019 21:29:16 Utilizó un teleport hacia el mapa 286 (50,65)
12/9/2019 21:29:16 Transportó a a hacia Mapa1 X:82 Y:27
12/9/2019 21:29:17 Transportó a a hacia Mapa286 X:44 Y:66
12/9/2019 21:29:17 Transportó a a hacia Mapa286 X:41 Y:69
12/9/2019 21:29:18 Transportó a a hacia Mapa286 X:43 Y:74
12/9/2019 21:29:18 Transportó a a hacia Mapa286 X:42 Y:76
12/9/2019 21:29:19 Transportó a a hacia Mapa286 X:42 Y:78
12/9/2019 21:29:20 Utilizó un teleport hacia el mapa 168 (50,57)
12/9/2019 21:29:20 Transportó a a hacia Mapa286 X:42 Y:77
12/9/2019 21:29:21 Transportó a a hacia Mapa168 X:51 Y:56
12/9/2019 21:29:21 Utilizó un teleport hacia el mapa 286 (42,78)
12/9/2019 21:29:21 Transportó a a hacia Mapa168 X:50 Y:55
12/9/2019 21:29:22 Transportó a a hacia Mapa286 X:45 Y:73
12/9/2019 21:29:22 Transportó a a hacia Mapa286 X:48 Y:68
12/9/2019 21:29:22 Transportó a a hacia Mapa286 X:48 Y:63
12/9/2019 21:29:22 Transportó a a hacia Mapa286 X:46 Y:58
12/9/2019 21:29:22 Transportó a a hacia Mapa286 X:44 Y:53
12/9/2019 21:29:23 Transportó a a hacia Mapa286 X:41 Y:48
12/9/2019 21:29:23 Transportó a a hacia Mapa286 X:38 Y:43
12/9/2019 21:29:23 Utilizó un teleport hacia el mapa 1 (25,25)
12/9/2019 21:29:23 Transportó a a hacia Mapa286 X:39 Y:41
12/9/2019 21:29:24 Transportó a a hacia Mapa1 X:26 Y:27
12/9/2019 21:29:24 Transportó a a hacia Mapa1 X:29 Y:31
12/9/2019 21:29:24 Transportó a a hacia Mapa1 X:33 Y:34
12/9/2019 21:29:24 Transportó a a hacia Mapa1 X:37 Y:37
12/9/2019 21:29:24 Transportó a a hacia Mapa1 X:41 Y:41
12/9/2019 21:29:24 Transportó a a hacia Mapa1 X:45 Y:45
12/9/2019 21:29:25 Transportó a a hacia Mapa1 X:49 Y:48
12/9/2019 21:29:25 Transportó a a hacia Mapa1 X:53 Y:51
12/9/2019 21:29:25 Transportó a a hacia Mapa1 X:57 Y:54
12/9/2019 21:31:42 Se conecto con ip:127.0.0.1
12/9/2019 21:33:10 Se conecto con ip:127.0.0.1
12/9/2019 21:33:11 Transportó a a hacia Mapa1 X:60 Y:44
12/9/2019 21:33:11 Transportó a a hacia Mapa1 X:64 Y:40
12/9/2019 21:33:11 Transportó a a hacia Mapa1 X:67 Y:35
12/9/2019 21:33:11 Transportó a a hacia Mapa1 X:69 Y:31
12/9/2019 21:33:12 Transportó a a hacia Mapa1 X:75 Y:30
12/9/2019 21:33:12 Transportó a a hacia Mapa1 X:81 Y:29
12/9/2019 21:33:12 Utilizó un teleport hacia el mapa 286 (50,65)
12/9/2019 21:33:12 Transportó a a hacia Mapa1 X:82 Y:27
12/9/2019 21:33:13 Transportó a a hacia Mapa286 X:45 Y:64
12/9/2019 21:33:13 Transportó a a hacia Mapa286 X:42 Y:59
12/9/2019 21:33:13 Transportó a a hacia Mapa286 X:40 Y:54
12/9/2019 21:33:13 Transportó a a hacia Mapa286 X:40 Y:49
12/9/2019 21:33:14 Transportó a a hacia Mapa286 X:41 Y:45
12/9/2019 21:33:14 Transportó a a hacia Mapa286 X:41 Y:41
12/9/2019 21:33:14 Transportó a a hacia Mapa286 X:39 Y:42
12/9/2019 21:33:15 Transportó a a hacia Mapa286 X:38 Y:41
12/9/2019 21:33:15 Utilizó un teleport hacia el mapa 1 (25,25)
12/9/2019 21:33:15 Transportó a a hacia Mapa286 X:39 Y:41
12/9/2019 21:33:16 Transportó a a hacia Mapa1 X:29 Y:29
12/9/2019 21:33:16 Transportó a a hacia Mapa1 X:33 Y:33
12/9/2019 21:33:16 Transportó a a hacia Mapa1 X:37 Y:37
12/9/2019 21:33:17 Transportó a a hacia Mapa1 X:40 Y:40
12/9/2019 21:33:17 Transportó a a hacia Mapa1 X:42 Y:43
12/9/2019 21:33:17 Transportó a a hacia Mapa1 X:45 Y:46
12/9/2019 21:33:17 Transportó a a hacia Mapa1 X:48 Y:49
12/9/2019 21:33:18 Transportó a a hacia Mapa1 X:53 Y:48
12/9/2019 21:35:57 Se conecto con ip:127.0.0.1
12/9/2019 21:37:15 Se conecto con ip:127.0.0.1
12/9/2019 21:38:42 Se conecto con ip:127.0.0.1
12/9/2019 21:39:21 Se conecto con ip:127.0.0.1
12/9/2019 21:41:03 Se conecto con ip:127.0.0.1
12/9/2019 21:41:05 Transportó a a hacia Mapa1 X:61 Y:44
12/9/2019 21:41:05 Transportó a a hacia Mapa1 X:57 Y:45
12/9/2019 21:41:06 Transportó a a hacia Mapa1 X:52 Y:46
12/9/2019 21:41:06 Transportó a a hacia Mapa1 X:58 Y:47
12/9/2019 21:41:07 Transportó a a hacia Mapa1 X:61 Y:45
12/9/2019 21:41:09 Transportó a a hacia Mapa1 X:57 Y:47
12/9/2019 21:41:10 Transportó a a hacia Mapa1 X:56 Y:47
12/9/2019 21:41:11 Transportó a a hacia Mapa1 X:57 Y:47
12/9/2019 21:41:12 Transportó a a hacia Mapa1 X:56 Y:47
12/9/2019 21:41:14 Transportó a a hacia Mapa1 X:55 Y:47
12/9/2019 21:41:14 Transportó a a hacia Mapa1 X:54 Y:47
12/9/2019 21:41:16 Transportó a a hacia Mapa1 X:60 Y:47
12/9/2019 21:41:17 Transportó a a hacia Mapa1 X:55 Y:48
12/9/2019 21:41:17 Transportó a a hacia Mapa1 X:61 Y:48
12/9/2019 21:41:18 Transportó a a hacia Mapa1 X:59 Y:45
12/9/2019 21:41:18 Transportó a a hacia Mapa1 X:65 Y:44
12/9/2019 21:41:19 Transportó a a hacia Mapa1 X:60 Y:41
12/9/2019 21:41:20 Transportó a a hacia Mapa1 X:56 Y:39
12/9/2019 21:41:21 Transportó a a hacia Mapa1 X:63 Y:37
12/9/2019 21:41:22 Transportó a a hacia Mapa1 X:60 Y:35
12/9/2019 21:41:22 Transportó a a hacia Mapa1 X:67 Y:34
12/9/2019 21:41:23 Transportó a a hacia Mapa1 X:62 Y:34
12/9/2019 21:41:23 Transportó a a hacia Mapa1 X:68 Y:37
12/9/2019 21:41:23 Transportó a a hacia Mapa1 X:63 Y:39
12/9/2019 21:41:24 Transportó a a hacia Mapa1 X:57 Y:40
12/9/2019 21:41:24 Transportó a a hacia Mapa1 X:53 Y:41
12/9/2019 21:41:24 Transportó a a hacia Mapa1 X:59 Y:42
12/9/2019 21:41:24 Transportó a a hacia Mapa1 X:66 Y:43
12/9/2019 21:41:24 Transportó a a hacia Mapa1 X:72 Y:44
12/9/2019 21:41:24 Transportó a a hacia Mapa1 X:78 Y:46
12/9/2019 21:41:25 Transportó a a hacia Mapa1 X:83 Y:47
12/9/2019 21:41:25 Transportó a a hacia Mapa1 X:88 Y:48
12/9/2019 21:41:25 Transportó a a hacia Mapa1 X:84 Y:48
12/9/2019 21:41:25 Transportó a a hacia Mapa1 X:76 Y:48
12/9/2019 21:41:25 Transportó a a hacia Mapa1 X:68 Y:48
12/9/2019 21:41:25 Transportó a a hacia Mapa1 X:60 Y:48
12/9/2019 21:41:26 Transportó a a hacia Mapa1 X:52 Y:48
12/9/2019 21:41:26 Transportó a a hacia Mapa1 X:44 Y:48
12/9/2019 21:41:26 Transportó a a hacia Mapa1 X:50 Y:50
12/9/2019 21:41:27 Transportó a a hacia Mapa1 X:57 Y:52
12/9/2019 21:41:27 Transportó a a hacia Mapa1 X:64 Y:54
12/9/2019 21:41:27 Transportó a a hacia Mapa1 X:67 Y:56
12/9/2019 21:41:27 Transportó a a hacia Mapa1 X:67 Y:58
12/9/2019 21:41:27 Transportó a a hacia Mapa1 X:62 Y:60
12/9/2019 21:41:27 Transportó a a hacia Mapa1 X:55 Y:60
12/9/2019 21:41:27 Transportó a a hacia Mapa1 X:50 Y:57
12/9/2019 21:41:28 Transportó a a hacia Mapa1 X:52 Y:53
12/9/2019 21:41:28 Transportó a a hacia Mapa1 X:58 Y:50
12/9/2019 21:41:28 Transportó a a hacia Mapa1 X:66 Y:50
12/9/2019 21:41:28 Transportó a a hacia Mapa1 X:73 Y:52
12/9/2019 21:41:28 Transportó a a hacia Mapa1 X:77 Y:53
12/9/2019 21:41:28 Transportó a a hacia Mapa1 X:79 Y:50
12/9/2019 21:41:28 Transportó a a hacia Mapa1 X:81 Y:46
12/9/2019 21:41:29 Transportó a a hacia Mapa1 X:85 Y:42
12/9/2019 21:41:30 Transportó a a hacia Mapa1 X:82 Y:42
12/9/2019 21:41:30 Transportó a a hacia Mapa1 X:79 Y:41
12/9/2019 21:41:31 Transportó a a hacia Mapa1 X:82 Y:40
12/9/2019 21:41:31 Transportó a a hacia Mapa1 X:84 Y:42
12/9/2019 21:41:31 Transportó a a hacia Mapa1 X:84 Y:45
12/9/2019 21:41:32 Transportó a a hacia Mapa1 X:82 Y:43
12/9/2019 21:41:32 Transportó a a hacia Mapa1 X:84 Y:41
12/9/2019 21:41:33 Transportó a a hacia Mapa1 X:81 Y:40
12/9/2019 21:41:33 Transportó a a hacia Mapa1 X:80 Y:38
12/9/2019 21:41:33 Transportó a a hacia Mapa1 X:82 Y:36
12/9/2019 21:41:36 Transportó a a hacia Mapa1 X:82 Y:40
12/9/2019 21:41:37 Transportó a a hacia Mapa1 X:82 Y:42
12/9/2019 21:41:38 Transportó a a hacia Mapa1 X:83 Y:40
12/9/2019 22:25:23 Se conecto con ip:127.0.0.1
12/9/2019 22:25:27 Transportó a a hacia Mapa1 X:71 Y:41
12/9/2019 22:25:28 Transportó a a hacia Mapa1 X:76 Y:41
12/9/2019 22:25:28 Transportó a a hacia Mapa1 X:73 Y:41
12/9/2019 22:25:29 Transportó a a hacia Mapa1 X:78 Y:41
12/9/2019 22:25:31 Transportó a a hacia Mapa1 X:70 Y:42
12/9/2019 22:25:31 Transportó a a hacia Mapa1 X:64 Y:43
12/9/2019 22:25:31 Transportó a a hacia Mapa1 X:58 Y:44
12/9/2019 22:25:31 Transportó a a hacia Mapa1 X:52 Y:44
12/9/2019 22:25:31 Transportó a a hacia Mapa1 X:46 Y:44
12/9/2019 22:25:31 Transportó a a hacia Mapa1 X:40 Y:45
12/9/2019 22:25:32 Transportó a a hacia Mapa1 X:35 Y:45
12/9/2019 22:25:32 Transportó a a hacia Mapa1 X:41 Y:45
12/9/2019 22:25:32 Transportó a a hacia Mapa1 X:45 Y:45
12/9/2019 22:25:32 Transportó a a hacia Mapa1 X:50 Y:45
12/9/2019 22:25:32 Transportó a a hacia Mapa1 X:55 Y:45
12/9/2019 22:25:33 Transportó a a hacia Mapa1 X:60 Y:45
12/9/2019 22:25:33 Transportó a a hacia Mapa1 X:65 Y:45
12/9/2019 22:25:33 Transportó a a hacia Mapa1 X:70 Y:45
12/9/2019 22:25:34 Transportó a a hacia Mapa1 X:75 Y:45
12/9/2019 22:25:34 Transportó a a hacia Mapa1 X:80 Y:45
12/9/2019 22:25:34 Transportó a a hacia Mapa1 X:85 Y:45
12/9/2019 22:25:34 Transportó a a hacia Mapa1 X:88 Y:45
12/9/2019 22:25:34 Transportó a a hacia Mapa1 X:85 Y:46
12/9/2019 22:25:34 Transportó a a hacia Mapa1 X:80 Y:46
12/9/2019 22:25:34 Transportó a a hacia Mapa1 X:74 Y:46
12/9/2019 22:25:35 Transportó a a hacia Mapa1 X:66 Y:46
12/9/2019 22:25:35 Transportó a a hacia Mapa1 X:58 Y:46
12/9/2019 22:25:35 Transportó a a hacia Mapa1 X:50 Y:46
12/9/2019 22:25:35 Transportó a a hacia Mapa1 X:43 Y:46
12/9/2019 22:25:35 Transportó a a hacia Mapa1 X:40 Y:46
12/9/2019 22:25:35 Transportó a a hacia Mapa1 X:43 Y:46
12/9/2019 22:25:36 Transportó a a hacia Mapa1 X:49 Y:46
12/9/2019 22:25:36 Transportó a a hacia Mapa1 X:55 Y:46
12/9/2019 22:25:36 Transportó a a hacia Mapa1 X:60 Y:46
12/9/2019 22:25:36 Transportó a a hacia Mapa1 X:64 Y:45
12/9/2019 22:25:36 Transportó a a hacia Mapa1 X:69 Y:44
12/9/2019 22:25:37 Transportó a a hacia Mapa1 X:68 Y:42
12/9/2019 22:25:37 Transportó a a hacia Mapa1 X:64 Y:40
12/9/2019 22:25:37 Transportó a a hacia Mapa1 X:59 Y:39
12/9/2019 22:25:37 Transportó a a hacia Mapa1 X:54 Y:39
12/9/2019 22:25:37 Transportó a a hacia Mapa1 X:49 Y:39
12/9/2019 22:25:37 Transportó a a hacia Mapa1 X:48 Y:40
12/9/2019 22:25:38 Transportó a a hacia Mapa1 X:50 Y:42
12/9/2019 22:25:38 Transportó a a hacia Mapa1 X:54 Y:44
12/9/2019 22:25:45 Sumoneo Dragón Rojo
12/9/2019 22:25:45 Sumoneo Dragón Rojo
12/9/2019 22:25:47 Sumoneo Oso Pardo
12/9/2019 22:25:47 Sumoneo Oso Pardo
12/9/2019 22:26:14 Se conecto con ip:127.0.0.1
12/9/2019 22:28:01 Se conecto con ip:127.0.0.1
12/9/2019 22:32:03 Se conecto con ip:127.0.0.1
12/9/2019 22:33:50 Se conecto con ip:127.0.0.1
12/9/2019 22:36:33 Se conecto con ip:127.0.0.1
12/9/2019 22:36:38 Transportó a a hacia Mapa1 X:52 Y:34
12/9/2019 22:36:39 Transportó a a hacia Mapa1 X:48 Y:31
12/9/2019 22:36:39 Transportó a a hacia Mapa1 X:44 Y:27
12/9/2019 22:36:39 Transportó a a hacia Mapa1 X:40 Y:23
12/9/2019 22:36:39 Transportó a a hacia Mapa1 X:37 Y:19
12/9/2019 22:36:39 Transportó a a hacia Mapa1 X:33 Y:16
12/9/2019 22:36:39 Transportó a a hacia Mapa1 X:29 Y:14
12/9/2019 22:36:41 Transportó a a hacia Mapa1 X:29 Y:14
12/9/2019 22:36:43 Transportó a a hacia Mapa1 X:31 Y:21
12/9/2019 22:36:44 Transportó a a hacia Mapa1 X:33 Y:28
12/9/2019 22:36:44 Transportó a a hacia Mapa1 X:36 Y:32
12/9/2019 22:36:44 Transportó a a hacia Mapa1 X:39 Y:36
12/9/2019 22:36:44 Transportó a a hacia Mapa1 X:43 Y:40
12/9/2019 22:36:45 Transportó a a hacia Mapa1 X:47 Y:44
12/9/2019 22:36:45 Transportó a a hacia Mapa1 X:49 Y:48
12/9/2019 22:36:46 Transportó a a hacia Mapa1 X:54 Y:52
12/9/2019 22:36:46 Transportó a a hacia Mapa1 X:58 Y:56
12/9/2019 22:36:46 Transportó a a hacia Mapa1 X:62 Y:60
12/9/2019 22:36:46 Transportó a a hacia Mapa1 X:67 Y:64
12/9/2019 22:36:47 Transportó a a hacia Mapa1 X:73 Y:68
12/9/2019 22:36:47 Transportó a a hacia Mapa1 X:79 Y:72
12/9/2019 22:36:47 Transportó a a hacia Mapa1 X:83 Y:76
12/9/2019 22:36:47 Transportó a a hacia Mapa1 X:87 Y:80
12/9/2019 22:36:48 Transportó a a hacia Mapa1 X:83 Y:80
12/9/2019 22:36:48 Transportó a a hacia Mapa1 X:78 Y:78
12/9/2019 22:36:48 Transportó a a hacia Mapa1 X:73 Y:76
12/9/2019 22:36:48 Transportó a a hacia Mapa1 X:68 Y:73
12/9/2019 22:36:49 Transportó a a hacia Mapa1 X:66 Y:70
12/9/2019 22:36:49 Transportó a a hacia Mapa1 X:64 Y:67
12/9/2019 22:36:49 Transportó a a hacia Mapa1 X:68 Y:65
12/9/2019 22:36:49 Transportó a a hacia Mapa1 X:77 Y:64
12/9/2019 22:36:50 Transportó a a hacia Mapa1 X:75 Y:62
12/9/2019 22:36:50 Transportó a a hacia Mapa1 X:69 Y:59
12/9/2019 22:36:50 Transportó a a hacia Mapa1 X:63 Y:56
12/9/2019 22:39:17 Se conecto con ip:127.0.0.1
12/9/2019 22:39:18 Transportó a a hacia Mapa1 X:60 Y:55
12/9/2019 22:39:18 Transportó a a hacia Mapa1 X:57 Y:53
12/9/2019 22:39:18 Transportó a a hacia Mapa1 X:53 Y:51
12/9/2019 22:39:18 Transportó a a hacia Mapa1 X:48 Y:49
12/9/2019 22:39:19 Transportó a a hacia Mapa1 X:54 Y:49
12/9/2019 22:39:19 Transportó a a hacia Mapa1 X:60 Y:49
12/9/2019 22:39:19 Transportó a a hacia Mapa1 X:67 Y:48
12/9/2019 22:39:19 Transportó a a hacia Mapa1 X:74 Y:47
12/9/2019 22:39:19 Transportó a a hacia Mapa1 X:81 Y:46
12/9/2019 22:39:20 Transportó a a hacia Mapa1 X:76 Y:44
12/9/2019 22:39:20 Transportó a a hacia Mapa1 X:71 Y:42
12/9/2019 22:39:20 Transportó a a hacia Mapa1 X:65 Y:40
12/9/2019 22:39:20 Transportó a a hacia Mapa1 X:59 Y:39
12/9/2019 22:39:23 Transportó a a hacia Mapa1 X:57 Y:38
12/9/2019 22:39:23 Transportó a a hacia Mapa1 X:59 Y:37
12/9/2019 22:39:24 Transportó a a hacia Mapa1 X:62 Y:37
12/9/2019 22:39:24 Transportó a a hacia Mapa1 X:65 Y:39
12/9/2019 22:39:24 Transportó a a hacia Mapa1 X:67 Y:42
12/9/2019 22:39:24 Transportó a a hacia Mapa1 X:62 Y:43
12/9/2019 22:39:25 Transportó a a hacia Mapa1 X:56 Y:43
12/9/2019 22:39:25 Transportó a a hacia Mapa1 X:50 Y:43
12/9/2019 22:39:25 Transportó a a hacia Mapa1 X:44 Y:42
12/9/2019 22:39:25 Transportó a a hacia Mapa1 X:38 Y:41
12/9/2019 22:39:25 Transportó a a hacia Mapa1 X:32 Y:40
12/9/2019 22:39:25 Transportó a a hacia Mapa1 X:26 Y:39
12/9/2019 22:39:25 Transportó a a hacia Mapa1 X:20 Y:38
12/9/2019 22:39:26 Transportó a a hacia Mapa1 X:14 Y:37
12/9/2019 22:39:26 Utilizó un teleport hacia el mapa 8 (91,36)
12/9/2019 22:39:26 Transportó a a hacia Mapa1 X:9 Y:36
12/9/2019 22:39:27 Transportó a a hacia Mapa8 X:88 Y:34
12/9/2019 22:39:27 Transportó a a hacia Mapa8 X:86 Y:32
12/9/2019 22:39:27 Utilizó un teleport hacia el mapa 1 (10,31)
12/9/2019 22:39:27 Transportó a a hacia Mapa8 X:92 Y:31
12/9/2019 22:39:27 Transportó a a hacia Mapa1 X:17 Y:30
12/9/2019 22:39:27 Transportó a a hacia Mapa1 X:24 Y:29
12/9/2019 22:39:28 Transportó a a hacia Mapa1 X:32 Y:29
12/9/2019 22:39:28 Transportó a a hacia Mapa1 X:41 Y:29
12/9/2019 22:39:28 Transportó a a hacia Mapa1 X:47 Y:30
12/9/2019 22:39:28 Transportó a a hacia Mapa1 X:53 Y:32
12/9/2019 22:39:29 Transportó a a hacia Mapa1 X:59 Y:34
12/9/2019 22:39:29 Transportó a a hacia Mapa1 X:65 Y:37
12/9/2019 22:39:29 Transportó a a hacia Mapa1 X:70 Y:40
12/9/2019 22:39:53 Se conecto con ip:127.0.0.1
12/9/2019 22:39:56 Transportó a a hacia Mapa1 X:66 Y:42
12/9/2019 22:39:57 Transportó a a hacia Mapa1 X:70 Y:42
12/9/2019 22:39:59 Transportó a a hacia Mapa1 X:67 Y:41
12/9/2019 22:40:04 Transportó a a hacia Mapa1 X:68 Y:46
12/9/2019 22:40:05 Transportó a a hacia Mapa1 X:64 Y:45
12/9/2019 22:40:05 Transportó a a hacia Mapa1 X:60 Y:45
12/9/2019 22:40:06 Transportó a a hacia Mapa1 X:54 Y:44
12/9/2019 22:40:31 Transportó a a hacia Mapa1 X:59 Y:43
12/9/2019 22:40:32 Transportó a a hacia Mapa1 X:59 Y:46
12/9/2019 22:41:42 Se conecto con ip:127.0.0.1
12/9/2019 22:41:43 Transportó a a hacia Mapa1 X:56 Y:45
12/9/2019 22:41:44 Transportó a a hacia Mapa1 X:61 Y:45
12/9/2019 22:41:44 Transportó a a hacia Mapa1 X:66 Y:45
12/9/2019 22:41:44 Transportó a a hacia Mapa1 X:71 Y:45
12/9/2019 22:41:45 Transportó a a hacia Mapa1 X:68 Y:43
12/9/2019 22:41:45 Transportó a a hacia Mapa1 X:63 Y:42
12/9/2019 22:41:45 Transportó a a hacia Mapa1 X:57 Y:42
12/9/2019 22:41:45 Transportó a a hacia Mapa1 X:51 Y:42
12/9/2019 22:41:46 Transportó a a hacia Mapa1 X:50 Y:39
12/9/2019 22:41:46 Transportó a a hacia Mapa1 X:52 Y:36
12/9/2019 22:41:47 Transportó a a hacia Mapa1 X:58 Y:40
12/9/2019 22:41:47 Transportó a a hacia Mapa1 X:62 Y:45
12/9/2019 22:41:47 Transportó a a hacia Mapa1 X:65 Y:49
12/9/2019 22:41:47 Transportó a a hacia Mapa1 X:66 Y:53
12/9/2019 22:41:48 Transportó a a hacia Mapa1 X:60 Y:51
12/9/2019 22:41:49 Transportó a a hacia Mapa1 X:57 Y:49
12/9/2019 22:42:01 /LLUVIA
12/9/2019 22:42:53 Se conecto con ip:127.0.0.1
12/9/2019 22:43:24 Transportó a a hacia Mapa1 X:58 Y:53
12/9/2019 22:43:24 Transportó a a hacia Mapa1 X:59 Y:58
12/9/2019 22:43:24 Transportó a a hacia Mapa1 X:58 Y:63
12/9/2019 22:43:24 Transportó a a hacia Mapa1 X:56 Y:68
12/9/2019 22:43:24 Transportó a a hacia Mapa1 X:54 Y:66
12/9/2019 22:43:24 Transportó a a hacia Mapa1 X:49 Y:68
12/9/2019 22:43:24 Transportó a a hacia Mapa1 X:45 Y:69
12/9/2019 22:43:25 Transportó a a hacia Mapa1 X:41 Y:68
12/9/2019 22:43:25 Transportó a a hacia Mapa1 X:38 Y:66
12/9/2019 22:43:25 Transportó a a hacia Mapa1 X:34 Y:62
12/9/2019 22:43:28 Transportó a a hacia Mapa1 X:32 Y:69
12/9/2019 22:43:29 Transportó a a hacia Mapa1 X:31 Y:74
12/9/2019 22:43:29 Transportó a a hacia Mapa1 X:36 Y:70
12/9/2019 22:43:29 Transportó a a hacia Mapa1 X:42 Y:65
12/9/2019 22:43:29 Transportó a a hacia Mapa1 X:48 Y:59
12/9/2019 22:43:30 Transportó a a hacia Mapa1 X:55 Y:53
12/9/2019 22:43:30 Transportó a a hacia Mapa1 X:62 Y:48
12/9/2019 22:45:43 Se conecto con ip:127.0.0.1
12/9/2019 22:47:49 Se conecto con ip:127.0.0.1
12/9/2019 23:10:07 Se conecto con ip:127.0.0.1
12/9/2019 23:10:12 Transportó a a hacia Mapa1 X:60 Y:46
12/9/2019 23:10:12 Transportó a a hacia Mapa1 X:63 Y:42
12/9/2019 23:10:12 Transportó a a hacia Mapa1 X:63 Y:39
12/9/2019 23:10:13 Transportó a a hacia Mapa1 X:60 Y:40
12/9/2019 23:10:13 Transportó a a hacia Mapa1 X:58 Y:42
12/9/2019 23:10:13 Transportó a a hacia Mapa1 X:56 Y:45
12/9/2019 23:10:19 Transportó a a hacia Mapa1 X:61 Y:45
12/9/2019 23:10:20 Transportó a a hacia Mapa1 X:63 Y:44
12/9/2019 23:10:29 Se conecto con ip:127.0.0.1
12/9/2019 23:10:30 Transportó a a hacia Mapa1 X:57 Y:42
12/9/2019 23:10:34 Transportó a a hacia Mapa1 X:61 Y:46
12/9/2019 23:10:34 Transportó a a hacia Mapa1 X:62 Y:50
12/9/2019 23:10:34 Transportó a a hacia Mapa1 X:59 Y:54
12/9/2019 23:10:34 Transportó a a hacia Mapa1 X:56 Y:57
12/9/2019 23:10:50 Se conecto con ip:127.0.0.1
12/9/2019 23:12:16 Se conecto con ip:127.0.0.1
12/9/2019 23:12:17 Transportó a a hacia Mapa1 X:54 Y:57
12/9/2019 23:12:17 Transportó a a hacia Mapa1 X:54 Y:54
12/9/2019 23:12:17 Transportó a a hacia Mapa1 X:55 Y:51
12/9/2019 23:12:17 Transportó a a hacia Mapa1 X:58 Y:49
12/9/2019 23:12:20 Transportó a a hacia Mapa1 X:58 Y:47
12/9/2019 23:12:20 Transportó a a hacia Mapa1 X:56 Y:45
12/9/2019 23:12:20 Transportó a a hacia Mapa1 X:54 Y:46
12/9/2019 23:12:21 Transportó a a hacia Mapa1 X:56 Y:49
12/9/2019 23:12:28 Transportó a a hacia Mapa1 X:55 Y:46
12/9/2019 23:12:28 Transportó a a hacia Mapa1 X:56 Y:43
12/9/2019 23:12:29 Transportó a a hacia Mapa1 X:60 Y:45
12/9/2019 23:12:29 Transportó a a hacia Mapa1 X:64 Y:48
12/9/2019 23:12:30 Transportó a a hacia Mapa1 X:59 Y:48
12/9/2019 23:12:30 Transportó a a hacia Mapa1 X:55 Y:48
12/9/2019 23:12:30 Transportó a a hacia Mapa1 X:52 Y:48
12/9/2019 23:12:30 Transportó a a hacia Mapa1 X:51 Y:48
12/9/2019 23:12:30 Transportó a a hacia Mapa1 X:53 Y:49
12/9/2019 23:12:30 Transportó a a hacia Mapa1 X:54 Y:51
12/9/2019 23:12:31 Transportó a a hacia Mapa1 X:54 Y:53
12/9/2019 23:12:31 Transportó a a hacia Mapa1 X:53 Y:55
12/9/2019 23:12:31 Transportó a a hacia Mapa1 X:52 Y:56
12/9/2019 23:12:31 Transportó a a hacia Mapa1 X:53 Y:56
12/9/2019 23:12:31 Transportó a a hacia Mapa1 X:55 Y:54
12/9/2019 23:12:31 Transportó a a hacia Mapa1 X:57 Y:52
12/9/2019 23:12:31 Transportó a a hacia Mapa1 X:56 Y:50
12/9/2019 23:12:32 Transportó a a hacia Mapa1 X:55 Y:48
12/9/2019 23:12:33 Transportó a a hacia Mapa1 X:57 Y:47
12/9/2019 23:12:34 Transportó a a hacia Mapa1 X:56 Y:49
12/9/2019 23:13:15 Se conecto con ip:127.0.0.1
12/9/2019 23:13:16 Transportó a a hacia Mapa1 X:54 Y:49
12/9/2019 23:13:22 Transportó a a hacia Mapa1 X:56 Y:46
12/9/2019 23:13:29 Transportó a a hacia Mapa1 X:59 Y:43
12/9/2019 23:13:29 Transportó a a hacia Mapa1 X:63 Y:43
12/9/2019 23:13:29 Transportó a a hacia Mapa1 X:66 Y:44
12/9/2019 23:13:29 Transportó a a hacia Mapa1 X:69 Y:46
12/9/2019 23:13:29 Transportó a a hacia Mapa1 X:71 Y:48
12/9/2019 23:14:10 Se conecto con ip:127.0.0.1
12/9/2019 23:14:30 Se conecto con ip:127.0.0.1
12/9/2019 23:14:34 Transportó a a hacia Mapa1 X:66 Y:46
12/9/2019 23:14:34 Transportó a a hacia Mapa1 X:62 Y:43
12/9/2019 23:14:41 Se conecto con ip:127.0.0.1
12/9/2019 23:14:43 Transportó a a hacia Mapa1 X:59 Y:42
12/9/2019 23:14:43 Transportó a a hacia Mapa1 X:56 Y:41
12/9/2019 23:16:59 Transportó a a hacia Mapa1 X:56 Y:46
12/9/2019 23:16:59 Transportó a a hacia Mapa1 X:55 Y:50
12/9/2019 23:17:00 Transportó a a hacia Mapa1 X:55 Y:53
12/9/2019 23:20:17 Se conecto con ip:127.0.0.1
12/9/2019 23:20:18 Transportó a a hacia Mapa1 X:53 Y:49
12/9/2019 23:20:18 Transportó a a hacia Mapa1 X:53 Y:46
12/9/2019 23:20:18 Transportó a a hacia Mapa1 X:55 Y:43
12/9/2019 23:20:20 /LLUVIA
12/9/2019 23:32:46 Se conecto con ip:127.0.0.1
12/9/2019 23:34:33 Se conecto con ip:127.0.0.1
12/9/2019 23:34:36 /MATA 
12/9/2019 23:34:38 /MATA 
12/9/2019 23:34:40 /MATA 
12/9/2019 23:36:26 Transportó a a hacia Mapa1 X:57 Y:52
12/9/2019 23:36:27 Transportó a a hacia Mapa1 X:58 Y:56
12/9/2019 23:36:33 /MATA 
12/9/2019 23:36:33 Transportó a a hacia Mapa1 X:57 Y:58
12/9/2019 23:36:33 Transportó a a hacia Mapa1 X:61 Y:53
12/9/2019 23:36:34 Transportó a a hacia Mapa1 X:65 Y:48
12/9/2019 23:36:34 Transportó a a hacia Mapa1 X:69 Y:43
12/9/2019 23:36:34 Transportó a a hacia Mapa1 X:72 Y:38
12/9/2019 23:36:34 Transportó a a hacia Mapa1 X:74 Y:33
12/9/2019 23:36:34 Transportó a a hacia Mapa1 X:76 Y:28
12/9/2019 23:36:35 Utilizó un teleport hacia el mapa 286 (50,65)
12/9/2019 23:36:35 Transportó a a hacia Mapa1 X:82 Y:27
12/9/2019 23:36:36 Transportó a a hacia Mapa286 X:47 Y:61
12/9/2019 23:36:36 Utilizó un teleport hacia el mapa 34 (44,88)
12/9/2019 23:36:36 Transportó a a hacia Mapa286 X:41 Y:62
12/9/2019 23:36:37 Transportó a a hacia Mapa34 X:40 Y:84
12/9/2019 23:36:37 Transportó a a hacia Mapa34 X:35 Y:81
12/9/2019 23:36:37 Transportó a a hacia Mapa34 X:30 Y:79
12/9/2019 23:36:37 Transportó a a hacia Mapa34 X:25 Y:77
12/9/2019 23:36:40 Transportó a a hacia Mapa34 X:23 Y:74
12/9/2019 23:36:40 Transportó a a hacia Mapa34 X:26 Y:71
12/9/2019 23:36:40 Transportó a a hacia Mapa34 X:32 Y:68
12/9/2019 23:36:40 Transportó a a hacia Mapa34 X:38 Y:65
12/9/2019 23:36:40 Transportó a a hacia Mapa34 X:42 Y:62
12/9/2019 23:36:40 Transportó a a hacia Mapa34 X:41 Y:57
12/9/2019 23:36:40 Transportó a a hacia Mapa34 X:38 Y:52
12/9/2019 23:36:41 Transportó a a hacia Mapa34 X:36 Y:48
12/9/2019 23:36:43 Transportó a a hacia Mapa1 X:50 Y:50
12/9/2019 23:41:40 Se conecto con ip:127.0.0.1
13/9/2019 00:12:55 Se conecto con ip:127.0.0.1
13/9/2019 00:13:13 Transportó a a hacia Mapa1 X:59 Y:44
13/9/2019 00:13:14 Transportó a a hacia Mapa1 X:58 Y:41
13/9/2019 00:13:14 Transportó a a hacia Mapa1 X:57 Y:40
13/9/2019 00:13:14 Transportó a a hacia Mapa1 X:56 Y:40
13/9/2019 00:13:15 Transportó a a hacia Mapa1 X:57 Y:44
13/9/2019 00:13:15 Transportó a a hacia Mapa1 X:57 Y:48
13/9/2019 00:13:38 Se conecto con ip:127.0.0.1
13/9/2019 00:13:47 Transportó a a hacia Mapa1 X:58 Y:46
13/9/2019 00:13:48 Transportó a a hacia Mapa1 X:61 Y:44
13/9/2019 00:13:49 Transportó a a hacia Mapa1 X:60 Y:41
13/9/2019 00:13:49 Transportó a a hacia Mapa1 X:59 Y:37
13/9/2019 00:13:49 Transportó a a hacia Mapa1 X:58 Y:33
13/9/2019 00:14:07 Transportó a a hacia Mapa1 X:56 Y:47
13/9/2019 00:14:08 Transportó a a hacia Mapa1 X:59 Y:44
13/9/2019 00:14:08 Transportó a a hacia Mapa1 X:61 Y:43
13/9/2019 00:20:29 Se conecto con ip:127.0.0.1
13/9/2019 00:20:31 Transportó a a hacia Mapa1 X:50 Y:45
13/9/2019 00:20:31 Transportó a a hacia Mapa1 X:54 Y:48
13/9/2019 00:20:31 Transportó a a hacia Mapa1 X:58 Y:51
13/9/2019 00:20:31 Transportó a a hacia Mapa1 X:62 Y:54
